<?xml version="1.0" encoding="UTF-8" standalone="no"?>
<!-- WARNING: Eclipse auto-generated file.
              Any modifications will be overwritten.
              To include a user specific buildfile here, simply create one in the same
              directory with the processing instruction <?eclipse.ant.import?>
              as the first entry and export the buildfile again. --><project basedir="." default="build" name="TestApp">
    <property environment="env"/>
    <property name="ECLIPSE_HOME" value="c:/eclipse"/>
    <property name="junit.output.dir" value="junit"/>
    <property name="debuglevel" value="source,lines,vars"/>
    <property name="target" value="1.7"/>
    <property name="source" value="1.7"/>
    <path id="Web App Libraries.libraryclasspath"/>
    <path id="EAR Libraries.libraryclasspath"/>
    <path id="TestApp.classpath">
        <pathelement location="build/classes"/>
        <path refid="Web App Libraries.libraryclasspath"/>
        <path refid="EAR Libraries.libraryclasspath"/>
        <pathelement location="hamcrest-all-1.3.jar"/>
        <pathelement location="junit-4.10.jar"/>
    </path>
    <target name="init">
        <mkdir dir="build/classes"/>
        <copy includeemptydirs="false" todir="build/classes">
            <fileset dir="src">
                <exclude name="**/*.java"/>
            </fileset>
        </copy>
        <copy includeemptydirs="false" todir="build/classes">
            <fileset dir="test">
                <exclude name="**/*.java"/>
            </fileset>
        </copy>
    </target>
    <target name="clean">
        <delete dir="build/classes"/>
    </target>
    <target depends="clean" name="cleanall"/>
    <target depends="build-subprojects,build-project,SampleTest" name="build"/>
    <target name="build-subprojects"/>
    <target depends="init" name="build-project">
        <echo message="${ant.project.name}: ${ant.file}"/>
        <javac debug="true" debuglevel="${debuglevel}" destdir="build/classes" includeantruntime="false" source="${source}" compiler='modern' fork="true" target="${target}">
            <src path="src"/>
            <src path="test"/>
            <classpath refid="TestApp.classpath"/>
        </javac>
    </target>
    <target description="Build all projects which reference this project. Useful to propagate changes." name="build-refprojects"/>
    <target description="copy Eclipse compiler jars to ant lib directory" name="init-eclipse-compiler">
        <copy todir="${ant.library.dir}">
        	<echo message="${ant.library.dir}"/>
            <fileset dir="${ECLIPSE_HOME}/plugins" includes="org.eclipse.jdt.core_*.jar"/>
        </copy>
        <unzip dest="${ant.library.dir}">
            <patternset includes="jdtCompilerAdapter.jar"/>
            <fileset dir="${ECLIPSE_HOME}/plugins" includes="org.eclipse.jdt.core_*.jar"/>
        </unzip>
    </target>
    <target description="compile project with Eclipse compiler" name="build-eclipse-compiler">
        <property name="build.compiler" value="org.eclipse.jdt.core.JDTCompilerAdapter"/>
        <antcall target="build"/>
    </target>
    <target name="SampleTest">
        <mkdir dir="${junit.output.dir}"/>
    	<echo message="${junit.output.dir}"/>
        <junit  fork="yes" printsummary="withOutAndErr">
            <formatter type="xml"/>
            <test name="test.junit.SampleTest" todir="${junit.output.dir}"/>
            <classpath refid="TestApp.classpath"/>
        </junit>
    </target>
    <target name="junitreport">
        <junitreport todir="${junit.output.dir}">
            <fileset dir="${junit.output.dir}">
            	echo("${junit.output.dir}")>
               <include name="TEST-*.xml"/>            	
            </fileset>
            <report format="frames" todir="${junit.output.dir}"/>
        	<test>
        	</test>
        </junitreport>
    </target>
</project>
