<?xml version="1.0" encoding="UTF-8" ?>
<testsuite errors="1" failures="0" hostname="CSCINDAH263946" name="test.junit.SampleTest" skipped="0" tests="1" time="0.0" timestamp="2014-09-08T08:20:00">
  <properties>
    <property name="file.encoding.pkg" value="sun.io" />
    <property name="env.PROMPT" value="$P$G" />
    <property name="env.GO_SERVER_JAVA_HOME" value="C:\Program Files (x86)\Go Server\jre" />
    <property name="java.home" value="C:\Program Files (x86)\Go Agent\jre" />
    <property name="env.GO_PIPELINE_COUNTER" value="12" />
    <property name="env.PROCESSOR_ARCHITEW6432" value="AMD64" />
    <property name="java.endorsed.dirs" value="C:\Program Files (x86)\Go Agent\jre\lib\endorsed" />
    <property name="env.GC_LOG_LOCATION" value="&quot;C:\Program Files (x86)\Go Agent\go-agent-gc.log&quot;" />
    <property name="env.USERNAME" value="SYSTEM" />
    <property name="debuglevel" value="source,lines,vars" />
    <property name="env.GC_LOG" value="-Dno_gc_logging" />
    <property name="ECLIPSE_HOME" value="d:/eclipse" />
    <property name="sun.os.patch.level" value="" />
    <property name="java.vendor.url" value="http://java.oracle.com/" />
    <property name="env.COMPUTERNAME" value="CSCINDAH263946" />
    <property name="env.=C:" value="C:\Program Files (x86)\Go Agent\pipelines\Pipe2" />
    <property name="env.ProgramFiles(x86)" value="C:\Program Files (x86)" />
    <property name="java.version" value="1.7.0_09" />
    <property name="java.vendor.url.bug" value="http://bugreport.sun.com/bugreport/" />
    <property name="env.USERPROFILE" value="C:\Windows\system32\config\systemprofile" />
    <property name="env.SOEDataPartition" value="C:" />
    <property name="ant.project.invoked-targets" value="build" />
    <property name="env.SystemRoot" value="C:\Windows" />
    <property name="env.GO_AGENT_JAVA_HOME" value="C:\Program Files (x86)\Go Agent\jre" />
    <property name="user.name" value="SYSTEM" />
    <property name="sun.io.unicode.encoding" value="UnicodeLittle" />
    <property name="sun.jnu.encoding" value="Cp1252" />
    <property name="java.runtime.name" value="Java(TM) SE Runtime Environment" />
    <property name="env.LOCALAPPDATA" value="C:\Windows\system32\config\systemprofile\AppData\Local" />
    <property name="java.specification.name" value="Java Platform API Specification" />
    <property name="user.timezone" value="" />
    <property name="user.script" value="" />
    <property name="path.separator" value=";" />
    <property name="env.PROCESSOR_IDENTIFIER" value="Intel64 Family 6 Model 58 Stepping 9, GenuineIntel" />
    <property name="env._JAVACMD" value="C:\Program Files (x86)\Go Agent\jre\bin\java.exe" />
    <property name="file.encoding" value="Cp1252" />
    <property name="env.GO_STAGE_NAME" value="Stage2" />
    <property name="ant.project.default-target" value="build" />
    <property name="env.WRAPPER_BIN_DIR" value="C:\Program Files (x86)\Go Agent" />
    <property name="sun.java.command" value="org.apache.tools.ant.taskdefs.optional.junit.JUnitTestRunner test.junit.SampleTest skipNonTests=false filtertrace=true haltOnError=false haltOnFailure=false formatter=org.apache.tools.ant.taskdefs.optional.junit.OutErrSummaryJUnitResultFormatter showoutput=false outputtoformatters=true logfailedtests=true threadid=0 logtestlistenerevents=false formatter=org.apache.tools.ant.taskdefs.optional.junit.XMLJUnitResultFormatter,C:\Users\bvenugopala2\git\TestApp\TestApp\junit\TEST-test.junit.SampleTest.xml crashfile=C:\Users\bvenugopala2\git\TestApp\TestApp\junitvmwatcher4189693902235799586.properties propsfile=C:\Users\bvenugopala2\git\TestApp\TestApp\junit868786884472621347.properties" />
    <property name="env.NUMBER_OF_PROCESSORS" value="4" />
    <property name="env.APPDATA" value="C:\Windows\system32\config\systemprofile\AppData\Roaming" />
    <property name="ant.file" value="C:\Users\bvenugopala2\git\TestApp\TestApp\Junit_Build.xml" />
    <property name="env.WRAPPER_BITS" value="32" />
    <property name="java.io.tmpdir" value="C:\Windows\system32\config\systemprofile\AppData\Local\Temp\" />
    <property name="user.language" value="en" />
    <property name="env.SystemDrive" value="C:" />
    <property name="line.separator" value="&#xd;&#xa;" />
    <property name="target" value="1.7" />
    <property name="env.WRAPPER_FILE_SEPARATOR" value="\" />
    <property name="ant.file.type" value="file" />
    <property name="java.vm.info" value="mixed mode" />
    <property name="source" value="1.7" />
    <property name="env.DEFLOGDIR" value="C:\ProgramData\McAfee\DesktopProtection" />
    <property name="sun.desktop" value="windows" />
    <property name="java.vm.specification.name" value="Java Virtual Machine Specification" />
    <property name="env.WRAPPER_OS" value="windows" />
    <property name="env.GO_TO_REVISION" value="8f175c992f6c2055b4ec9ac9fa6dab361668e099" />
    <property name="env.DADIR" value="C:\Program Files (x86)\CheckPoint\Endpoint Security\Endpoint Common" />
    <property name="env.PATHEXT" value=".COM;.EXE;.BAT;.CMD;.VBS;.VBE;.JS;.JSE;.WSF;.WSH;.MSC" />
    <property name="java.awt.printerjob" value="sun.awt.windows.WPrinterJob" />
    <property name="env.PUBLIC" value="C:\Users\Public" />
    <property name="ant.version" value="Apache Ant(TM) version 1.9.4 compiled on April 29 2014" />
    <property name="env.USERDOMAIN" value="ASIAPAC" />
    <property name="env.GO_FROM_REVISION" value="0b5eeacf3455d6b52f041543ecaa442d79984204" />
    <property name="env.GO_PIPELINE_LABEL" value="12" />
    <property name="env.PROCESSOR_LEVEL" value="6" />
    <property name="env.windir" value="C:\Windows" />
    <property name="env.CommonProgramFiles(x86)" value="C:\Program Files (x86)\Common Files" />
    <property name="os.name" value="Windows 8" />
    <property name="java.specification.vendor" value="Oracle Corporation" />
    <property name="env.TMP" value="C:\Windows\system32\config\systemprofile\AppData\Local\Temp" />
    <property name="java.vm.name" value="Java HotSpot(TM) Client VM" />
    <property name="env.ProgramData" value="C:\ProgramData" />
    <property name="env.OS" value="Windows_NT" />
    <property name="java.library.path" value="C:\Program Files (x86)\Go Agent\jre\bin;C:\Windows\Sun\Java\bin;C:\Windows\system32;C:\Windows;C:\Windows\system32;C:\Windows;C:\Windows\System32\Wbem;C:\Windows\System32\WindowsPowerShell\v1.0\;C:\Program Files (x86)\Intel\OpenCL SDK\2.0\bin\x86;C:\Program Files (x86)\Intel\OpenCL SDK\2.0\bin\x64;C:\Program Files (x86)\Common Files\Check Point\UIFramework 3.0\Bin\;C:\Program Files (x86)\CheckPoint\Endpoint Security\Endpoint Common\bin;C:\Program Files (x86)\Git\cmd;C:\Program Files (x86)\Git\bin;C:\Program Files\Java\jdk1.7.0_67\bin;C:\Program Files\Java\jre7;C:\Program Files\apache-ant-1.9.4\bin;." />
    <property name="ant.java.version" value="1.7" />
    <property name="basedir" value="C:\Users\bvenugopala2\git\TestApp\TestApp" />
    <property name="java.class.version" value="51.0" />
    <property name="env.TFS_DIR" value="c:\Program Files\ThinkVantage Fingerprint Software\" />
    <property name="ant.home" value="C:\Program Files\apache-ant-1.9.4\bin\.." />
    <property name="env.Path" value="C:\Windows\system32;C:\Windows;C:\Windows\System32\Wbem;C:\Windows\System32\WindowsPowerShell\v1.0\;C:\Program Files (x86)\Intel\OpenCL SDK\2.0\bin\x86;C:\Program Files (x86)\Intel\OpenCL SDK\2.0\bin\x64;C:\Program Files (x86)\Common Files\Check Point\UIFramework 3.0\Bin\;C:\Program Files (x86)\CheckPoint\Endpoint Security\Endpoint Common\bin;C:\Program Files (x86)\Git\cmd;C:\Program Files (x86)\Git\bin;C:\Program Files\Java\jdk1.7.0_67\bin;C:\Program Files\Java\jre7;C:\Program Files\apache-ant-1.9.4\bin" />
    <property name="env.WRAPPER_HOST_NAME" value="CSCINDAH263946" />
    <property name="env.GO_REVISION" value="8f175c992f6c2055b4ec9ac9fa6dab361668e099" />
    <property name="sun.boot.library.path" value="C:\Program Files (x86)\Go Agent\jre\bin" />
    <property name="env.PROCESSOR_REVISION" value="3a09" />
    <property name="env.VSEDEFLOGDIR" value="C:\ProgramData\McAfee\DesktopProtection" />
    <property name="sun.management.compiler" value="HotSpot Client Compiler" />
    <property name="java.awt.graphicsenv" value="sun.awt.Win32GraphicsEnvironment" />
    <property name="user.variant" value="" />
    <property name="env.WRAPPER_PATH_SEPARATOR" value=";" />
    <property name="env.SOEDesktopAdminModel" value="User" />
    <property name="ant.project.name" value="TestApp" />
    <property name="env.JVM_DEBUG_PORT" value="5006" />
    <property name="java.vm.specification.version" value="1.7" />
    <property name="awt.toolkit" value="sun.awt.windows.WToolkit" />
    <property name="sun.cpu.isalist" value="pentium_pro+mmx pentium_pro pentium+mmx pentium i486 i386 i86" />
    <property name="java.ext.dirs" value="C:\Program Files (x86)\Go Agent\jre\lib\ext;C:\Windows\Sun\Java\lib\ext" />
    <property name="os.version" value="6.2" />
    <property name="env.GO_PIPELINE_NAME" value="Pipe2" />
    <property name="user.home" value="C:\" />
    <property name="java.vm.vendor" value="Oracle Corporation" />
    <property name="env.CommonProgramW6432" value="C:\Program Files\Common Files" />
    <property name="env.JAVA_HOME" value="C:\Program Files (x86)\Go Agent\jre" />
    <property name="env.ProgramW6432" value="C:\Program Files" />
    <property name="junit.output.dir" value="junit" />
    <property name="user.dir" value="C:\Program Files (x86)\Go Agent\pipelines\Pipe2" />
    <property name="env.AGENT_STARTUP_ARGS" value="-Xms128m -Xmx256m -Dno_debugging -Dno_gc_logging &quot;-DJAVA_SYS_MON_TEMP_DIR=C:\Program Files (x86)\Go Agent\tmp&quot;" />
    <property name="env.FP_NO_HOST_CHECK" value="NO" />
    <property name="sun.cpu.endian" value="little" />
    <property name="env._USE_CLASSPATH" value="no" />
    <property name="env.ALLUSERSPROFILE" value="C:\ProgramData" />
    <property name="env.PROCESSOR_ARCHITECTURE" value="AMD64" />
    <property name="java.vm.version" value="23.5-b02" />
    <property name="java.class.path" value="C:\Users\bvenugopala2\git\TestApp\TestApp\build\classes;C:\Users\bvenugopala2\git\TestApp\TestApp\hamcrest-all-1.3.jar;C:\Users\bvenugopala2\git\TestApp\TestApp\junit-4.10.jar;C:\Program Files\apache-ant-1.9.4\lib\ant-launcher.jar;C:\Program Files\apache-ant-1.9.4\lib\ant.jar;C:\Program Files\apache-ant-1.9.4\lib\ant-junit.jar;C:\Program Files\apache-ant-1.9.4\lib\ant-junit4.jar" />
    <property name="ant.file.TestApp" value="C:\Users\bvenugopala2\git\TestApp\TestApp\Junit_Build.xml" />
    <property name="ant.library.dir" value="C:\Program Files\apache-ant-1.9.4\lib" />
    <property name="os.arch" value="x86" />
    <property name="env.GO_SERVER_URL" value="https://127.0.0.1:8154/go/" />
    <property name="env.GO_JOB_NAME" value="Junit_Test" />
    <property name="env.SOESystemPartitionLabel" value="CSC SOE" />
    <property name="sun.java.launcher" value="SUN_STANDARD" />
    <property name="env.CommonProgramFiles" value="C:\Program Files (x86)\Common Files" />
    <property name="ant.file.type.TestApp" value="file" />
    <property name="ant.core.lib" value="C:\Program Files\apache-ant-1.9.4\lib\ant.jar" />
    <property name="env.ProgramFiles" value="C:\Program Files (x86)" />
    <property name="env.WRAPPER_WORKING_DIR" value="C:\Program Files (x86)\Go Agent" />
    <property name="java.vm.specification.vendor" value="Oracle Corporation" />
    <property name="file.separator" value="\" />
    <property name="env.GO_AGENT_DIR" value="C:\Program Files (x86)\Go Agent" />
    <property name="env.ANT_CMD_LINE_ARGS" value=" -f C:/Users/bvenugopala2/git/TestApp/TestApp/Junit_Build.xml" />
    <property name="env.WRAPPER_ARCH" value="x86" />
    <property name="java.runtime.version" value="1.7.0_09-b05" />
    <property name="sun.boot.class.path" value="C:\Program Files (x86)\Go Agent\jre\lib\resources.jar;C:\Program Files (x86)\Go Agent\jre\lib\rt.jar;C:\Program Files (x86)\Go Agent\jre\lib\sunrsasign.jar;C:\Program Files (x86)\Go Agent\jre\lib\jsse.jar;C:\Program Files (x86)\Go Agent\jre\lib\jce.jar;C:\Program Files (x86)\Go Agent\jre\lib\charsets.jar;C:\Program Files (x86)\Go Agent\jre\lib\jfr.jar;C:\Program Files (x86)\Go Agent\jre\classes" />
    <property name="env.ComSpec" value="C:\Windows\system32\cmd.exe" />
    <property name="env.JVM_DEBUG" value="-Dno_debugging" />
    <property name="env.TEMP" value="C:\Windows\system32\config\systemprofile\AppData\Local\Temp" />
    <property name="env.ANT_HOME" value="C:\Program Files\apache-ant-1.9.4\bin\.." />
    <property name="user.country" value="US" />
    <property name="env.CRUISE_SERVER_DIR" value="C:\Program Files (x86)\Go Server" />
    <property name="env.GO_SERVER" value="127.0.0.1" />
    <property name="java.vendor" value="Oracle Corporation" />
    <property name="env.GO_STAGE_COUNTER" value="1" />
    <property name="env.PSModulePath" value="C:\Windows\system32\WindowsPowerShell\v1.0\Modules\" />
    <property name="java.specification.version" value="1.7" />
    <property name="env.GO_TRIGGER_USER" value="changes" />
    <property name="sun.arch.data.model" value="32" />
  </properties>
  <error message="test.junit.SampleTest" type="java.lang.ClassNotFoundException">java.lang.ClassNotFoundException: test.junit.SampleTest
	at java.net.URLClassLoader$1.run(Unknown Source)
	at java.net.URLClassLoader$1.run(Unknown Source)
	at java.security.AccessController.doPrivileged(Native Method)
	at java.net.URLClassLoader.findClass(Unknown Source)
	at java.lang.ClassLoader.loadClass(Unknown Source)
	at sun.misc.Launcher$AppClassLoader.loadClass(Unknown Source)
	at java.lang.ClassLoader.loadClass(Unknown Source)
	at java.lang.Class.forName0(Native Method)
	at java.lang.Class.forName(Unknown Source)
</error>
  <system-out><![CDATA[]]></system-out>
  <system-err><![CDATA[]]></system-err>
</testsuite>
